<?xml version="1.0" encoding="UTF-8"?>
<testsuite name="XmlDomParserTest" tests="1" skipped="0" failures="0" errors="0" timestamp="2023-01-29T07:17:50" hostname="LAPTOP-LFUMP8SR" time="0.009">
  <properties/>
  <testcase name="testcase1()" classname="XmlDomParserTest" time="0.009"/>
  <system-out><![CDATA[type: root, 
child: [{xmlNodeType: ELEMENT,
         tagName: html,
         attribute: [lang="ko"],
         child: [{xmlNodeType: ELEMENT,
                 tagName: body,
                 attribute: [],
                 child: [{xmlNodeType: ELEMENT,
                         tagName: p,
                         attribute: [],
                         child: [{xmlNodeType: ELEMENT,
                                 tagName: img,
                                 attribute: [src="codesquard.kr"],
                                 child: [],
                                 innerText: []}
                , {xmlNodeType: ELEMENT,
                                 tagName: br,
                                 attribute: [],
                                 child: [],
                                 innerText: []}
                ],
                         innerText: [BOOST]}
            ],
                 innerText: []}
        ],
         innerText: []}
    ]
]]></system-out>
  <system-err><![CDATA[]]></system-err>
</testsuite>
